<?xml version="1.0" encoding="UTF-8"?>
<testsuite xmlns:xsi="http://www.w3.org/2001/XMLSchema-instance" xsi:noNamespaceSchemaLocation="https://maven.apache.org/surefire/maven-surefire-plugin/xsd/surefire-test-report-3.0.xsd" version="3.0" name="TestSuite" time="0.478" tests="1" errors="0" skipped="0" failures="1">
  <properties>
[...]
</properties>
  <testcase name="runScenario[&quot;Valid User able to loging the Aplication.&quot;, &quot;Optional[User validate loging functionalties]&quot;](1)" classname="practice.ny.Myrunner.Myrunner" time="0.054">
    <failure message="The step &apos;Use is able to open any browser&apos; and 6 other step(s) are undefined.&#10;You can implement these steps using the snippet(s) below:&#10;&#10;@Given(&quot;Use is able to open any browser&quot;)&#10;public void use_is_able_to_open_any_browser() {&#10;    // Write code here that turns the phrase above into concrete actions&#10;    throw new io.cucumber.java.PendingException();&#10;}&#10;@Given(&quot;user is able to enter the URL&quot;)&#10;public void user_is_able_to_enter_the_url() {&#10;    // Write code here that turns the phrase above into concrete actions&#10;    throw new io.cucumber.java.PendingException();&#10;}&#10;@Given(&quot;user is able to enter the user first name&quot;)&#10;public void user_is_able_to_enter_the_user_first_name() {&#10;    // Write code here that turns the phrase above into concrete actions&#10;    throw new io.cucumber.java.PendingException();&#10;}&#10;@Given(&quot;user is able to enter the user last name&quot;)&#10;public void user_is_able_to_enter_the_user_last_name() {&#10;    // Write code here that turns the phrase above into concrete actions&#10;    throw new io.cucumber.java.PendingException();&#10;}&#10;@Given(&quot;user is able to enter the Age&quot;)&#10;public void user_is_able_to_enter_the_age() {&#10;    // Write code here that turns the phrase above into concrete actions&#10;    throw new io.cucumber.java.PendingException();&#10;}&#10;@Given(&quot;user is able to enter the Notes number&quot;)&#10;public void user_is_able_to_enter_the_notes_number() {&#10;    // Write code here that turns the phrase above into concrete actions&#10;    throw new io.cucumber.java.PendingException();&#10;}&#10;@Given(&quot;user is able to click on Submit button&quot;)&#10;public void user_is_able_to_click_on_submit_button() {&#10;    // Write code here that turns the phrase above into concrete actions&#10;    throw new io.cucumber.java.PendingException();&#10;}&#10;" type="io.cucumber.testng.UndefinedStepException"><![CDATA[io.cucumber.testng.UndefinedStepException: 
The step 'Use is able to open any browser' and 6 other step(s) are undefined.
You can implement these steps using the snippet(s) below:

@Given("Use is able to open any browser")
public void use_is_able_to_open_any_browser() {
    // Write code here that turns the phrase above into concrete actions
    throw new io.cucumber.java.PendingException();
}
@Given("user is able to enter the URL")
public void user_is_able_to_enter_the_url() {
    // Write code here that turns the phrase above into concrete actions
    throw new io.cucumber.java.PendingException();
}
@Given("user is able to enter the user first name")
public void user_is_able_to_enter_the_user_first_name() {
    // Write code here that turns the phrase above into concrete actions
    throw new io.cucumber.java.PendingException();
}
@Given("user is able to enter the user last name")
public void user_is_able_to_enter_the_user_last_name() {
    // Write code here that turns the phrase above into concrete actions
    throw new io.cucumber.java.PendingException();
}
@Given("user is able to enter the Age")
public void user_is_able_to_enter_the_age() {
    // Write code here that turns the phrase above into concrete actions
    throw new io.cucumber.java.PendingException();
}
@Given("user is able to enter the Notes number")
public void user_is_able_to_enter_the_notes_number() {
    // Write code here that turns the phrase above into concrete actions
    throw new io.cucumber.java.PendingException();
}
@Given("user is able to click on Submit button")
public void user_is_able_to_click_on_submit_button() {
    // Write code here that turns the phrase above into concrete actions
    throw new io.cucumber.java.PendingException();
}

]]></failure>
    <system-out><![CDATA[[TestNGContentHandler] [WARN] It is strongly recommended to add "<!DOCTYPE suite SYSTEM "http://testng.org/testng-1.0.dtd" >" at the top of your file, otherwise TestNG may fail or not work as expected.
]]></system-out>
  </testcase>
</testsuite>