<?xml version="1.0" encoding="UTF-8"?>
<testng-results ignored="0" total="1" passed="1" failed="0" skipped="0">
  <reporter-output>
  </reporter-output>
  <suite started-at="2023-11-26T01:58:13Z" name="Default suite" finished-at="2023-11-26T01:58:15Z" duration-ms="2369">
    <groups>
      <group name="cucumber">
        <method signature="AbstractTestNGCucumberTests.runScenario(io.cucumber.testng.PickleWrapper, io.cucumber.testng.FeatureWrapper)[pri:0, instance:practice.ny.Myrunner.Myrunner@1fa1cab1]" name="runScenario" class="io.cucumber.testng.AbstractTestNGCucumberTests"/>
      </group> <!-- cucumber -->
    </groups>
    <test started-at="2023-11-26T01:58:13Z" name="Default test" finished-at="2023-11-26T01:58:15Z" duration-ms="2369">
      <class name="practice.ny.Myrunner.Myrunner">
        <test-method is-config="true" signature="setUpClass()[pri:0, instance:practice.ny.Myrunner.Myrunner@1fa1cab1]" started-at="2023-11-26T01:58:13Z" name="setUpClass" finished-at="2023-11-26T01:58:13Z" duration-ms="114" status="PASS">
          <reporter-output>
          </reporter-output>
        </test-method> <!-- setUpClass -->
        <test-method signature="runScenario(io.cucumber.testng.PickleWrapper, io.cucumber.testng.FeatureWrapper)[pri:0, instance:practice.ny.Myrunner.Myrunner@1fa1cab1]" started-at="2023-11-26T01:58:13Z" name="runScenario" description="Runs Cucumber Scenarios" data-provider="scenarios" finished-at="2023-11-26T01:58:15Z" duration-ms="2244" status="PASS">
          <params>
            <param index="0">
              <value>
                <![CDATA["Valid User able to loging the Aplication."]]>
              </value>
            </param>
            <param index="1">
              <value>
                <![CDATA["Optional[User validate loging functionalties]"]]>
              </value>
            </param>
          </params>
          <reporter-output>
          </reporter-output>
        </test-method> <!-- runScenario -->
        <test-method is-config="true" signature="tearDownClass()[pri:0, instance:practice.ny.Myrunner.Myrunner@1fa1cab1]" started-at="2023-11-26T01:58:15Z" name="tearDownClass" finished-at="2023-11-26T01:58:15Z" duration-ms="4" status="PASS">
          <reporter-output>
          </reporter-output>
        </test-method> <!-- tearDownClass -->
      </class> <!-- practice.ny.Myrunner.Myrunner -->
    </test> <!-- Default test -->
  </suite> <!-- Default suite -->
</testng-results>
